# JRE version: OpenJDK Runtime Environment (8.0_152-b22) (build 1.8.0_152-release-1248-b22)
# Java VM: OpenJDK 64-Bit Server VM (25.152-b22 mixed mode bsd-amd64 compressed oops)
Heap:
 PSYoungGen      total 387584K, used 72131K [0x00000007a0000000, 0x00000007c0000000, 0x00000007c0000000)
  eden space 270336K, 0% used [0x00000007a0000000,0x00000007a0000000,0x00000007b0800000)
  from space 117248K, 61% used [0x00000007b8d80000,0x00000007bd3f0ee0,0x00000007c0000000)
  to   space 126976K, 0% used [0x00000007b0800000,0x00000007b0800000,0x00000007b8400000)
 ParOldGen       total 688640K, used 688144K [0x0000000760000000, 0x000000078a080000, 0x00000007a0000000)
  object space 688640K, 99% used [0x0000000760000000,0x000000078a0041d8,0x000000078a080000)
 Metaspace       used 371748K, capacity 390305K, committed 471700K, reserved 1435648K
  class space    used 47897K, capacity 51751K, committed 85692K, reserved 1048576K
GC Heap History (10 events):
Event: 15915.435 GC heap after
Heap after GC invocations=340 (full 24):
 PSYoungGen      total 387072K, used 54422K [0x00000007a0000000, 0x00000007bee80000, 0x00000007c0000000)
  eden space 281088K, 0% used [0x00000007a0000000,0x00000007a0000000,0x00000007b1280000)
  from space 105984K, 51% used [0x00000007b8700000,0x00000007bbc25b68,0x00000007bee80000)
  to   space 112640K, 0% used [0x00000007b1280000,0x00000007b1280000,0x00000007b8080000)
 ParOldGen       total 675840K, used 476610K [0x0000000760000000, 0x0000000789400000, 0x00000007a0000000)
  object space 675840K, 70% used [0x0000000760000000,0x000000077d170810,0x0000000789400000)
 Metaspace       used 321302K, capacity 337113K, committed 471700K, reserved 1435648K
  class space    used 40974K, capacity 44279K, committed 85692K, reserved 1048576K
}
Event: 15916.233 GC heap before
{Heap before GC invocations=341 (full 24):
 PSYoungGen      total 387072K, used 335510K [0x00000007a0000000, 0x00000007bee80000, 0x00000007c0000000)
  eden space 281088K, 100% used [0x00000007a0000000,0x00000007b1280000,0x00000007b1280000)
  from space 105984K, 51% used [0x00000007b8700000,0x00000007bbc25b68,0x00000007bee80000)
  to   space 112640K, 0% used [0x00000007b1280000,0x00000007b1280000,0x00000007b8080000)
 ParOldGen       total 675840K, used 476610K [0x0000000760000000, 0x0000000789400000, 0x00000007a0000000)
  object space 675840K, 70% used [0x0000000760000000,0x000000077d170810,0x0000000789400000)
 Metaspace       used 328937K, capacity 344887K, committed 471700K, reserved 1435648K
  class space    used 41921K, capacity 45286K, committed 85692K, reserved 1048576K
Event: 15916.292 GC heap after
Heap after GC invocations=341 (full 24):
 PSYoungGen      total 393728K, used 51500K [0x00000007a0000000, 0x00000007bfc80000, 0x00000007c0000000)
  eden space 281088K, 0% used [0x00000007a0000000,0x00000007a0000000,0x00000007b1280000)
  from space 112640K, 45% used [0x00000007b1280000,0x00000007b44cb150,0x00000007b8080000)
  to   space 107520K, 0% used [0x00000007b9380000,0x00000007b9380000,0x00000007bfc80000)
 ParOldGen       total 675840K, used 518554K [0x0000000760000000, 0x0000000789400000, 0x00000007a0000000)
  object space 675840K, 76% used [0x0000000760000000,0x000000077fa66a58,0x0000000789400000)
 Metaspace       used 328937K, capacity 344887K, committed 471700K, reserved 1435648K
  class space    used 41921K, capacity 45286K, committed 85692K, reserved 1048576K
}
Event: 15917.825 GC heap before
{Heap before GC invocations=342 (full 24):
 PSYoungGen      total 393728K, used 332588K [0x00000007a0000000, 0x00000007bfc80000, 0x00000007c0000000)
  eden space 281088K, 100% used [0x00000007a0000000,0x00000007b1280000,0x00000007b1280000)
  from space 112640K, 45% used [0x00000007b1280000,0x00000007b44cb150,0x00000007b8080000)
  to   space 107520K, 0% used [0x00000007b9380000,0x00000007b9380000,0x00000007bfc80000)
 ParOldGen       total 675840K, used 518554K [0x0000000760000000, 0x0000000789400000, 0x00000007a0000000)
  object space 675840K, 76% used [0x0000000760000000,0x000000077fa66a58,0x0000000789400000)
 Metaspace       used 351985K, capacity 368829K, committed 471700K, reserved 1435648K
  class space    used 45102K, capacity 48649K, committed 85692K, reserved 1048576K
Event: 15917.873 GC heap after
Heap after GC invocations=342 (full 24):
 PSYoungGen      total 400896K, used 51351K [0x00000007a0000000, 0x00000007bf200000, 0x00000007c0000000)
  eden space 304128K, 0% used [0x00000007a0000000,0x00000007a0000000,0x00000007b2900000)
  from space 96768K, 53% used [0x00000007b9380000,0x00000007bc5a5e60,0x00000007bf200000)
  to   space 102912K, 0% used [0x00000007b2900000,0x00000007b2900000,0x00000007b8d80000)
 ParOldGen       total 675840K, used 555239K [0x0000000760000000, 0x0000000789400000, 0x00000007a0000000)
  object space 675840K, 82% used [0x0000000760000000,0x0000000781e39e78,0x0000000789400000)
 Metaspace       used 351985K, capacity 368829K, committed 471700K, reserved 1435648K
  class space    used 45102K, capacity 48649K, committed 85692K, reserved 1048576K
}
Event: 15921.068 GC heap before
{Heap before GC invocations=343 (full 24):
 PSYoungGen      total 400896K, used 355479K [0x00000007a0000000, 0x00000007bf200000, 0x00000007c0000000)
  eden space 304128K, 100% used [0x00000007a0000000,0x00000007b2900000,0x00000007b2900000)
  from space 96768K, 53% used [0x00000007b9380000,0x00000007bc5a5e60,0x00000007bf200000)
  to   space 102912K, 0% used [0x00000007b2900000,0x00000007b2900000,0x00000007b8d80000)
 ParOldGen       total 675840K, used 555239K [0x0000000760000000, 0x0000000789400000, 0x00000007a0000000)
  object space 675840K, 82% used [0x0000000760000000,0x0000000781e39e78,0x0000000789400000)
 Metaspace       used 364950K, capacity 383159K, committed 471700K, reserved 1435648K
  class space    used 46981K, capacity 50784K, committed 85692K, reserved 1048576K
Event: 15921.510 GC heap after
Heap after GC invocations=343 (full 24):
 PSYoungGen      total 407040K, used 102891K [0x00000007a0000000, 0x00000007c0000000, 0x00000007c0000000)
  eden space 304128K, 0% used [0x00000007a0000000,0x00000007a0000000,0x00000007b2900000)
  from space 102912K, 99% used [0x00000007b2900000,0x00000007b8d7ad60,0x00000007b8d80000)
  to   space 117248K, 0% used [0x00000007b8d80000,0x00000007b8d80000,0x00000007c0000000)
 ParOldGen       total 675840K, used 593977K [0x0000000760000000, 0x0000000789400000, 0x00000007a0000000)
  object space 675840K, 87% used [0x0000000760000000,0x000000078440e7c8,0x0000000789400000)
 Metaspace       used 364950K, capacity 383159K, committed 471700K, reserved 1435648K
  class space    used 46981K, capacity 50784K, committed 85692K, reserved 1048576K
}
Event: 15922.849 GC heap before
{Heap before GC invocations=344 (full 24):
 PSYoungGen      total 407040K, used 407019K [0x00000007a0000000, 0x00000007c0000000, 0x00000007c0000000)
  eden space 304128K, 100% used [0x00000007a0000000,0x00000007b2900000,0x00000007b2900000)
  from space 102912K, 99% used [0x00000007b2900000,0x00000007b8d7ad60,0x00000007b8d80000)
  to   space 117248K, 0% used [0x00000007b8d80000,0x00000007b8d80000,0x00000007c0000000)
 ParOldGen       total 675840K, used 593977K [0x0000000760000000, 0x0000000789400000, 0x00000007a0000000)
  object space 675840K, 87% used [0x0000000760000000,0x000000078440e7c8,0x0000000789400000)
 Metaspace       used 371748K, capacity 390305K, committed 471700K, reserved 1435648K
  class space    used 47897K, capacity 51751K, committed 85692K, reserved 1048576K
Event: 15923.208 GC heap after
Heap after GC invocations=344 (full 24):
 PSYoungGen      total 387584K, used 72131K [0x00000007a0000000, 0x00000007c0000000, 0x00000007c0000000)
  eden space 270336K, 0% used [0x00000007a0000000,0x00000007a0000000,0x00000007b0800000)
  from space 117248K, 61% used [0x00000007b8d80000,0x00000007bd3f0ee0,0x00000007c0000000)
  to   space 126976K, 0% used [0x00000007b0800000,0x00000007b0800000,0x00000007b8400000)
 ParOldGen       total 688640K, used 688144K [0x0000000760000000, 0x000000078a080000, 0x00000007a0000000)
  object space 688640K, 99% used [0x0000000760000000,0x000000078a0041d8,0x000000078a080000)
 Metaspace       used 371748K, capacity 390305K, committed 471700K, reserved 1435648K
  class space    used 47897K, capacity 51751K, committed 85692K, reserved 1048576K
}
Event: 15923.208 GC heap before
{Heap before GC invocations=345 (full 25):
 PSYoungGen      total 387584K, used 72131K [0x00000007a0000000, 0x00000007c0000000, 0x00000007c0000000)
  eden space 270336K, 0% used [0x00000007a0000000,0x00000007a0000000,0x00000007b0800000)
  from space 117248K, 61% used [0x00000007b8d80000,0x00000007bd3f0ee0,0x00000007c0000000)
  to   space 126976K, 0% used [0x00000007b0800000,0x00000007b0800000,0x00000007b8400000)
 ParOldGen       total 688640K, used 688144K [0x0000000760000000, 0x000000078a080000, 0x00000007a0000000)
  object space 688640K, 99% used [0x0000000760000000,0x000000078a0041d8,0x000000078a080000)
 Metaspace       used 371748K, capacity 390305K, committed 471700K, reserved 1435648K
  class space    used 47897K, capacity 51751K, committed 85692K, reserved 1048576K

